<?xml version="1.0" encoding="UTF-8"?>
<!-- Generated by org.testng.reporters.JUnitReportReporter -->
<testsuite hostname="APrathamI" failures="0" tests="2" name="com.amar.testngexamples.NewTest1" time="0.013" errors="0" timestamp="2026-02-21T06:58:22 IST" skipped="0">
  <testcase classname="com.amar.testngexamples.NewTest1" name="testMethodOne" time="0.010"/>
  <testcase classname="com.amar.testngexamples.NewTest1" name="testMethodTwo" time="0.003"/>
</testsuite> <!-- com.amar.testngexamples.NewTest1 -->
